[DEBUG] 2022-10-14 13:59:04.480 [main] HandleCalender - initialize the chrome browser
[DEBUG] 2022-10-14 13:59:04.905 [main] InternalLoggerFactory - Using Log4J2 as the default logging framework
[DEBUG] 2022-10-14 13:59:04.930 [main] ResourceLeakDetector - -Dio.netty.leakDetection.level: simple
[DEBUG] 2022-10-14 13:59:04.932 [main] ResourceLeakDetector - -Dio.netty.leakDetection.targetRecords: 4
[DEBUG] 2022-10-14 13:59:04.945 [main] ResourceLeakDetectorFactory - Loaded default ResourceLeakDetector: io.netty.util.ResourceLeakDetector@188b6035
[DEBUG] 2022-10-14 13:59:05.016 [main] PlatformDependent0 - -Dio.netty.noUnsafe: false
[DEBUG] 2022-10-14 13:59:05.017 [main] PlatformDependent0 - Java version: 17
[DEBUG] 2022-10-14 13:59:05.020 [main] PlatformDependent0 - sun.misc.Unsafe.theUnsafe: available
[DEBUG] 2022-10-14 13:59:05.023 [main] PlatformDependent0 - sun.misc.Unsafe.copyMemory: available
[DEBUG] 2022-10-14 13:59:05.025 [main] PlatformDependent0 - sun.misc.Unsafe.storeFence: available
[DEBUG] 2022-10-14 13:59:05.027 [main] PlatformDependent0 - java.nio.Buffer.address: available
[DEBUG] 2022-10-14 13:59:05.031 [main] PlatformDependent0 - direct buffer constructor: unavailable: Reflective setAccessible(true) disabled
[DEBUG] 2022-10-14 13:59:05.034 [main] PlatformDependent0 - java.nio.Bits.unaligned: available, true
[DEBUG] 2022-10-14 13:59:05.037 [main] PlatformDependent0 - jdk.internal.misc.Unsafe.allocateUninitializedArray(int): unavailable: class io.netty.util.internal.PlatformDependent0$7 cannot access class jdk.internal.misc.Unsafe (in module java.base) because module java.base does not export jdk.internal.misc to unnamed module @1e127982
[DEBUG] 2022-10-14 13:59:05.043 [main] PlatformDependent0 - java.nio.DirectByteBuffer.<init>(long, int): unavailable
[DEBUG] 2022-10-14 13:59:05.043 [main] PlatformDependent - sun.misc.Unsafe: available
[DEBUG] 2022-10-14 13:59:05.045 [main] PlatformDependent - maxDirectMemory: 1031798784 bytes (maybe)
[DEBUG] 2022-10-14 13:59:05.047 [main] PlatformDependent - -Dio.netty.tmpdir: C:\Users\KARTHI~1\AppData\Local\Temp (java.io.tmpdir)
[DEBUG] 2022-10-14 13:59:05.048 [main] PlatformDependent - -Dio.netty.bitMode: 64 (sun.arch.data.model)
[DEBUG] 2022-10-14 13:59:05.049 [main] PlatformDependent - Platform: Windows
[DEBUG] 2022-10-14 13:59:05.052 [main] PlatformDependent - -Dio.netty.maxDirectMemory: -1 bytes
[DEBUG] 2022-10-14 13:59:05.053 [main] PlatformDependent - -Dio.netty.uninitializedArrayAllocationThreshold: -1
[DEBUG] 2022-10-14 13:59:05.060 [main] CleanerJava9 - java.nio.ByteBuffer.cleaner(): available
[DEBUG] 2022-10-14 13:59:05.061 [main] PlatformDependent - -Dio.netty.noPreferDirect: false
[DEBUG] 2022-10-14 13:59:05.092 [main] PlatformDependent - org.jctools-core.MpscChunkedArrayQueue: available
[DEBUG] 2022-10-14 13:59:05.168 [main] InternalThreadLocalMap - -Dio.netty.threadLocalMap.stringBuilder.initialSize: 1024
[DEBUG] 2022-10-14 13:59:05.169 [main] InternalThreadLocalMap - -Dio.netty.threadLocalMap.stringBuilder.maxSize: 4096
[DEBUG] 2022-10-14 13:59:05.217 [main] JdkSslContext - Default protocols (JDK): [TLSv1.3, TLSv1.2] 
[DEBUG] 2022-10-14 13:59:05.217 [main] JdkSslContext - Default cipher suites (JDK): [TLS_ECDHE_ECDSA_WITH_AES_256_GCM_SHA384, TLS_ECDHE_ECDSA_WITH_AES_128_GCM_SHA256, TLS_ECDHE_RSA_WITH_AES_128_GCM_SHA256, TLS_ECDHE_RSA_WITH_AES_256_GCM_SHA384, TLS_ECDHE_RSA_WITH_AES_128_CBC_SHA, TLS_ECDHE_RSA_WITH_AES_256_CBC_SHA, TLS_RSA_WITH_AES_128_GCM_SHA256, TLS_RSA_WITH_AES_128_CBC_SHA, TLS_RSA_WITH_AES_256_CBC_SHA, TLS_AES_128_GCM_SHA256, TLS_AES_256_GCM_SHA384]
[DEBUG] 2022-10-14 13:59:05.294 [main] MultithreadEventLoopGroup - -Dio.netty.eventLoopThreads: 4
[DEBUG] 2022-10-14 13:59:05.321 [main] NioEventLoop - -Dio.netty.noKeySetOptimization: false
[DEBUG] 2022-10-14 13:59:05.322 [main] NioEventLoop - -Dio.netty.selectorAutoRebuildThreshold: 512
[DEBUG] 2022-10-14 13:59:05.431 [main] PooledByteBufAllocator - -Dio.netty.allocator.numHeapArenas: 4
[DEBUG] 2022-10-14 13:59:05.431 [main] PooledByteBufAllocator - -Dio.netty.allocator.numDirectArenas: 4
[DEBUG] 2022-10-14 13:59:05.432 [main] PooledByteBufAllocator - -Dio.netty.allocator.pageSize: 8192
[DEBUG] 2022-10-14 13:59:05.432 [main] PooledByteBufAllocator - -Dio.netty.allocator.maxOrder: 9
[DEBUG] 2022-10-14 13:59:05.432 [main] PooledByteBufAllocator - -Dio.netty.allocator.chunkSize: 4194304
[DEBUG] 2022-10-14 13:59:05.432 [main] PooledByteBufAllocator - -Dio.netty.allocator.smallCacheSize: 256
[DEBUG] 2022-10-14 13:59:05.432 [main] PooledByteBufAllocator - -Dio.netty.allocator.normalCacheSize: 64
[DEBUG] 2022-10-14 13:59:05.433 [main] PooledByteBufAllocator - -Dio.netty.allocator.maxCachedBufferCapacity: 32768
[DEBUG] 2022-10-14 13:59:05.433 [main] PooledByteBufAllocator - -Dio.netty.allocator.cacheTrimInterval: 8192
[DEBUG] 2022-10-14 13:59:05.433 [main] PooledByteBufAllocator - -Dio.netty.allocator.cacheTrimIntervalMillis: 0
[DEBUG] 2022-10-14 13:59:05.433 [main] PooledByteBufAllocator - -Dio.netty.allocator.useCacheForAllThreads: false
[DEBUG] 2022-10-14 13:59:05.434 [main] PooledByteBufAllocator - -Dio.netty.allocator.maxCachedByteBuffersPerChunk: 1023
[DEBUG] 2022-10-14 13:59:05.464 [main] ByteBufUtil - -Dio.netty.allocator.type: pooled
[DEBUG] 2022-10-14 13:59:05.464 [main] ByteBufUtil - -Dio.netty.threadLocalDirectBufferSize: 0
[DEBUG] 2022-10-14 13:59:05.465 [main] ByteBufUtil - -Dio.netty.maxThreadLocalCharBufferSize: 16384
[DEBUG] 2022-10-14 13:59:06.625 [Forwarding newSession on session null to remote] DefaultChannelId - -Dio.netty.processId: 7728 (auto-detected)
[DEBUG] 2022-10-14 13:59:06.632 [Forwarding newSession on session null to remote] NetUtil - -Djava.net.preferIPv4Stack: false
[DEBUG] 2022-10-14 13:59:06.633 [Forwarding newSession on session null to remote] NetUtil - -Djava.net.preferIPv6Addresses: false
[DEBUG] 2022-10-14 13:59:06.672 [Forwarding newSession on session null to remote] NetUtilInitializations - Loopback interface: lo (Software Loopback Interface 1, 127.0.0.1)
[DEBUG] 2022-10-14 13:59:06.675 [Forwarding newSession on session null to remote] NetUtil - Failed to get SOMAXCONN from sysctl and file \proc\sys\net\core\somaxconn. Default: 200
[DEBUG] 2022-10-14 13:59:06.804 [Forwarding newSession on session null to remote] DefaultChannelId - -Dio.netty.machineId: f8:a2:d6:ff:fe:fe:c6:63 (auto-detected)
[DEBUG] 2022-10-14 13:59:06.984 [AsyncHttpClient-1-2] AbstractByteBuf - -Dio.netty.buffer.checkAccessible: true
[DEBUG] 2022-10-14 13:59:06.985 [AsyncHttpClient-1-2] AbstractByteBuf - -Dio.netty.buffer.checkBounds: true
[DEBUG] 2022-10-14 13:59:06.986 [AsyncHttpClient-1-2] ResourceLeakDetectorFactory - Loaded default ResourceLeakDetector: io.netty.util.ResourceLeakDetector@549050ae
[DEBUG] 2022-10-14 13:59:07.080 [AsyncHttpClient-1-2] Recycler - -Dio.netty.recycler.maxCapacityPerThread: 4096
[DEBUG] 2022-10-14 13:59:07.080 [AsyncHttpClient-1-2] Recycler - -Dio.netty.recycler.ratio: 8
[DEBUG] 2022-10-14 13:59:07.081 [AsyncHttpClient-1-2] Recycler - -Dio.netty.recycler.chunkSize: 32
[DEBUG] 2022-10-14 13:59:07.081 [AsyncHttpClient-1-2] Recycler - -Dio.netty.recycler.blocking: false
[DEBUG] 2022-10-14 13:59:09.920 [AsyncHttpClient-1-2] Brotli - brotli4j not in the classpath; Brotli support will be unavailable.
[DEBUG] 2022-10-14 13:59:10.639 [main] ThreadLocalRandom - -Dio.netty.initialSeedUniquifier: 0x8fb969b330e5f73e
[DEBUG] 2022-10-14 13:59:26.082 [main] HandleCalender - landing in application url
[DEBUG] 2022-10-14 13:59:26.181 [main] HandleCalender - click the calender button
[DEBUG] 2022-10-14 13:59:27.447 [main] HandleCalender - get current month and year
[DEBUG] 2022-10-14 13:59:27.774 [main] HandleCalender - click the next month button
[DEBUG] 2022-10-14 13:59:28.253 [main] HandleCalender - get current month and year
[DEBUG] 2022-10-14 13:59:28.402 [main] HandleCalender - click the next month button
[DEBUG] 2022-10-14 13:59:28.874 [main] HandleCalender - get current month and year
[DEBUG] 2022-10-14 13:59:29.011 [main] HandleCalender - click the next month button
[DEBUG] 2022-10-14 13:59:29.495 [main] HandleCalender - get current month and year
[DEBUG] 2022-10-14 13:59:29.675 [main] HandleCalender - click the next month button
[DEBUG] 2022-10-14 13:59:30.139 [main] HandleCalender - get current month and year
[DEBUG] 2022-10-14 13:59:30.299 [main] HandleCalender - click the next month button
[DEBUG] 2022-10-14 13:59:30.786 [main] HandleCalender - get current month and year
[DEBUG] 2022-10-14 13:59:30.931 [main] HandleCalender - click the next month button
[DEBUG] 2022-10-14 13:59:31.395 [main] HandleCalender - get current month and year
[DEBUG] 2022-10-14 13:59:31.534 [main] HandleCalender - click the next month button
[DEBUG] 2022-10-14 13:59:32.060 [main] HandleCalender - get current month and year
[DEBUG] 2022-10-14 13:59:32.219 [main] HandleCalender - click the next month button
[DEBUG] 2022-10-14 13:59:32.754 [main] HandleCalender - get current month and year
[DEBUG] 2022-10-14 13:59:32.979 [main] HandleCalender - click the next month button
[DEBUG] 2022-10-14 13:59:33.457 [main] HandleCalender - get current month and year
[DEBUG] 2022-10-14 13:59:33.664 [main] HandleCalender - click the next month button
[DEBUG] 2022-10-14 13:59:34.139 [main] HandleCalender - get current month and year
[DEBUG] 2022-10-14 13:59:34.364 [main] HandleCalender - click the next month button
[DEBUG] 2022-10-14 13:59:34.836 [main] HandleCalender - get current month and year
[DEBUG] 2022-10-14 13:59:34.997 [main] HandleCalender - click the next month button
[DEBUG] 2022-10-14 13:59:35.469 [main] HandleCalender - get current month and year
[DEBUG] 2022-10-14 13:59:35.620 [main] HandleCalender - get all the date from the calender
[INFO ] 2022-10-14 13:59:36.882 [main] HandleCalender - click the given date
[INFO ] 2022-10-14 13:59:37.959 [main] HandleCalender - check actual and expect value eithe equal or not
[INFO ] 2022-10-14 13:59:37.963 [main] HandleCalender - both are equal
[DEBUG] 2022-10-14 13:59:42.031 [main] HandleCalender - quit the browser
