[DEBUG] 2022-10-16 08:44:32.985 [main] HandleCalender - initialize the chrome browser
[DEBUG] 2022-10-16 08:44:33.466 [main] InternalLoggerFactory - Using Log4J2 as the default logging framework
[DEBUG] 2022-10-16 08:44:33.483 [main] ResourceLeakDetector - -Dio.netty.leakDetection.level: simple
[DEBUG] 2022-10-16 08:44:33.483 [main] ResourceLeakDetector - -Dio.netty.leakDetection.targetRecords: 4
[DEBUG] 2022-10-16 08:44:33.497 [main] ResourceLeakDetectorFactory - Loaded default ResourceLeakDetector: io.netty.util.ResourceLeakDetector@19382338
[DEBUG] 2022-10-16 08:44:33.552 [main] PlatformDependent0 - -Dio.netty.noUnsafe: false
[DEBUG] 2022-10-16 08:44:33.553 [main] PlatformDependent0 - Java version: 17
[DEBUG] 2022-10-16 08:44:33.556 [main] PlatformDependent0 - sun.misc.Unsafe.theUnsafe: available
[DEBUG] 2022-10-16 08:44:33.559 [main] PlatformDependent0 - sun.misc.Unsafe.copyMemory: available
[DEBUG] 2022-10-16 08:44:33.560 [main] PlatformDependent0 - sun.misc.Unsafe.storeFence: available
[DEBUG] 2022-10-16 08:44:33.562 [main] PlatformDependent0 - java.nio.Buffer.address: available
[DEBUG] 2022-10-16 08:44:33.564 [main] PlatformDependent0 - direct buffer constructor: unavailable: Reflective setAccessible(true) disabled
[DEBUG] 2022-10-16 08:44:33.565 [main] PlatformDependent0 - java.nio.Bits.unaligned: available, true
[DEBUG] 2022-10-16 08:44:33.569 [main] PlatformDependent0 - jdk.internal.misc.Unsafe.allocateUninitializedArray(int): unavailable: class io.netty.util.internal.PlatformDependent0$7 cannot access class jdk.internal.misc.Unsafe (in module java.base) because module java.base does not export jdk.internal.misc to unnamed module @1e127982
[DEBUG] 2022-10-16 08:44:33.574 [main] PlatformDependent0 - java.nio.DirectByteBuffer.<init>(long, int): unavailable
[DEBUG] 2022-10-16 08:44:33.575 [main] PlatformDependent - sun.misc.Unsafe: available
[DEBUG] 2022-10-16 08:44:33.576 [main] PlatformDependent - maxDirectMemory: 1031798784 bytes (maybe)
[DEBUG] 2022-10-16 08:44:33.577 [main] PlatformDependent - -Dio.netty.tmpdir: C:\Users\KARTHI~1\AppData\Local\Temp (java.io.tmpdir)
[DEBUG] 2022-10-16 08:44:33.578 [main] PlatformDependent - -Dio.netty.bitMode: 64 (sun.arch.data.model)
[DEBUG] 2022-10-16 08:44:33.579 [main] PlatformDependent - Platform: Windows
[DEBUG] 2022-10-16 08:44:33.581 [main] PlatformDependent - -Dio.netty.maxDirectMemory: -1 bytes
[DEBUG] 2022-10-16 08:44:33.581 [main] PlatformDependent - -Dio.netty.uninitializedArrayAllocationThreshold: -1
[DEBUG] 2022-10-16 08:44:33.585 [main] CleanerJava9 - java.nio.ByteBuffer.cleaner(): available
[DEBUG] 2022-10-16 08:44:33.585 [main] PlatformDependent - -Dio.netty.noPreferDirect: false
[DEBUG] 2022-10-16 08:44:33.612 [main] PlatformDependent - org.jctools-core.MpscChunkedArrayQueue: available
[DEBUG] 2022-10-16 08:44:33.681 [main] InternalThreadLocalMap - -Dio.netty.threadLocalMap.stringBuilder.initialSize: 1024
[DEBUG] 2022-10-16 08:44:33.682 [main] InternalThreadLocalMap - -Dio.netty.threadLocalMap.stringBuilder.maxSize: 4096
[DEBUG] 2022-10-16 08:44:33.726 [main] JdkSslContext - Default protocols (JDK): [TLSv1.3, TLSv1.2] 
[DEBUG] 2022-10-16 08:44:33.727 [main] JdkSslContext - Default cipher suites (JDK): [TLS_ECDHE_ECDSA_WITH_AES_256_GCM_SHA384, TLS_ECDHE_ECDSA_WITH_AES_128_GCM_SHA256, TLS_ECDHE_RSA_WITH_AES_128_GCM_SHA256, TLS_ECDHE_RSA_WITH_AES_256_GCM_SHA384, TLS_ECDHE_RSA_WITH_AES_128_CBC_SHA, TLS_ECDHE_RSA_WITH_AES_256_CBC_SHA, TLS_RSA_WITH_AES_128_GCM_SHA256, TLS_RSA_WITH_AES_128_CBC_SHA, TLS_RSA_WITH_AES_256_CBC_SHA, TLS_AES_128_GCM_SHA256, TLS_AES_256_GCM_SHA384]
[DEBUG] 2022-10-16 08:44:33.819 [main] MultithreadEventLoopGroup - -Dio.netty.eventLoopThreads: 4
[DEBUG] 2022-10-16 08:44:33.848 [main] NioEventLoop - -Dio.netty.noKeySetOptimization: false
[DEBUG] 2022-10-16 08:44:33.849 [main] NioEventLoop - -Dio.netty.selectorAutoRebuildThreshold: 512
[DEBUG] 2022-10-16 08:44:34.015 [main] PooledByteBufAllocator - -Dio.netty.allocator.numHeapArenas: 4
[DEBUG] 2022-10-16 08:44:34.015 [main] PooledByteBufAllocator - -Dio.netty.allocator.numDirectArenas: 4
[DEBUG] 2022-10-16 08:44:34.016 [main] PooledByteBufAllocator - -Dio.netty.allocator.pageSize: 8192
[DEBUG] 2022-10-16 08:44:34.016 [main] PooledByteBufAllocator - -Dio.netty.allocator.maxOrder: 9
[DEBUG] 2022-10-16 08:44:34.016 [main] PooledByteBufAllocator - -Dio.netty.allocator.chunkSize: 4194304
[DEBUG] 2022-10-16 08:44:34.017 [main] PooledByteBufAllocator - -Dio.netty.allocator.smallCacheSize: 256
[DEBUG] 2022-10-16 08:44:34.017 [main] PooledByteBufAllocator - -Dio.netty.allocator.normalCacheSize: 64
[DEBUG] 2022-10-16 08:44:34.017 [main] PooledByteBufAllocator - -Dio.netty.allocator.maxCachedBufferCapacity: 32768
[DEBUG] 2022-10-16 08:44:34.017 [main] PooledByteBufAllocator - -Dio.netty.allocator.cacheTrimInterval: 8192
[DEBUG] 2022-10-16 08:44:34.018 [main] PooledByteBufAllocator - -Dio.netty.allocator.cacheTrimIntervalMillis: 0
[DEBUG] 2022-10-16 08:44:34.018 [main] PooledByteBufAllocator - -Dio.netty.allocator.useCacheForAllThreads: false
[DEBUG] 2022-10-16 08:44:34.018 [main] PooledByteBufAllocator - -Dio.netty.allocator.maxCachedByteBuffersPerChunk: 1023
[DEBUG] 2022-10-16 08:44:34.050 [main] ByteBufUtil - -Dio.netty.allocator.type: pooled
[DEBUG] 2022-10-16 08:44:34.051 [main] ByteBufUtil - -Dio.netty.threadLocalDirectBufferSize: 0
[DEBUG] 2022-10-16 08:44:34.051 [main] ByteBufUtil - -Dio.netty.maxThreadLocalCharBufferSize: 16384
[DEBUG] 2022-10-16 08:44:37.075 [Forwarding newSession on session null to remote] DefaultChannelId - -Dio.netty.processId: 4728 (auto-detected)
[DEBUG] 2022-10-16 08:44:37.081 [Forwarding newSession on session null to remote] NetUtil - -Djava.net.preferIPv4Stack: false
[DEBUG] 2022-10-16 08:44:37.082 [Forwarding newSession on session null to remote] NetUtil - -Djava.net.preferIPv6Addresses: false
[DEBUG] 2022-10-16 08:44:37.118 [Forwarding newSession on session null to remote] NetUtilInitializations - Loopback interface: lo (Software Loopback Interface 1, 127.0.0.1)
[DEBUG] 2022-10-16 08:44:37.153 [Forwarding newSession on session null to remote] NetUtil - Failed to get SOMAXCONN from sysctl and file \proc\sys\net\core\somaxconn. Default: 200
[DEBUG] 2022-10-16 08:44:37.362 [Forwarding newSession on session null to remote] DefaultChannelId - -Dio.netty.machineId: f8:a2:d6:ff:fe:fe:c6:63 (auto-detected)
[DEBUG] 2022-10-16 08:44:37.596 [AsyncHttpClient-1-2] AbstractByteBuf - -Dio.netty.buffer.checkAccessible: true
[DEBUG] 2022-10-16 08:44:37.597 [AsyncHttpClient-1-2] AbstractByteBuf - -Dio.netty.buffer.checkBounds: true
[DEBUG] 2022-10-16 08:44:37.598 [AsyncHttpClient-1-2] ResourceLeakDetectorFactory - Loaded default ResourceLeakDetector: io.netty.util.ResourceLeakDetector@629278e4
[DEBUG] 2022-10-16 08:44:37.677 [AsyncHttpClient-1-2] Recycler - -Dio.netty.recycler.maxCapacityPerThread: 4096
[DEBUG] 2022-10-16 08:44:37.678 [AsyncHttpClient-1-2] Recycler - -Dio.netty.recycler.ratio: 8
[DEBUG] 2022-10-16 08:44:37.678 [AsyncHttpClient-1-2] Recycler - -Dio.netty.recycler.chunkSize: 32
[DEBUG] 2022-10-16 08:44:37.678 [AsyncHttpClient-1-2] Recycler - -Dio.netty.recycler.blocking: false
[DEBUG] 2022-10-16 08:44:40.893 [AsyncHttpClient-1-2] Brotli - brotli4j not in the classpath; Brotli support will be unavailable.
[DEBUG] 2022-10-16 08:44:41.734 [main] ThreadLocalRandom - -Dio.netty.initialSeedUniquifier: 0x59703423206f5992
[DEBUG] 2022-10-16 08:44:53.082 [main] HandleCalender - landing in application url
[DEBUG] 2022-10-16 08:44:53.163 [main] HandleCalender - click the calender button
[DEBUG] 2022-10-16 08:44:54.304 [main] HandleCalender - get current month and year
[DEBUG] 2022-10-16 08:44:54.609 [main] HandleCalender - click the next month button
[DEBUG] 2022-10-16 08:44:55.088 [main] HandleCalender - get current month and year
[DEBUG] 2022-10-16 08:44:55.231 [main] HandleCalender - click the next month button
[DEBUG] 2022-10-16 08:44:55.759 [main] HandleCalender - get current month and year
[DEBUG] 2022-10-16 08:44:55.934 [main] HandleCalender - click the next month button
[DEBUG] 2022-10-16 08:44:56.400 [main] HandleCalender - get current month and year
[DEBUG] 2022-10-16 08:44:56.560 [main] HandleCalender - click the next month button
[DEBUG] 2022-10-16 08:44:57.112 [main] HandleCalender - get current month and year
[DEBUG] 2022-10-16 08:44:57.258 [main] HandleCalender - click the next month button
[DEBUG] 2022-10-16 08:44:57.728 [main] HandleCalender - get current month and year
[DEBUG] 2022-10-16 08:44:57.881 [main] HandleCalender - click the next month button
[DEBUG] 2022-10-16 08:44:58.338 [main] HandleCalender - get current month and year
[DEBUG] 2022-10-16 08:44:58.500 [main] HandleCalender - click the next month button
[DEBUG] 2022-10-16 08:44:58.981 [main] HandleCalender - get current month and year
[DEBUG] 2022-10-16 08:44:59.117 [main] HandleCalender - click the next month button
[DEBUG] 2022-10-16 08:44:59.592 [main] HandleCalender - get current month and year
[DEBUG] 2022-10-16 08:44:59.721 [main] HandleCalender - click the next month button
[DEBUG] 2022-10-16 08:45:00.207 [main] HandleCalender - get current month and year
[DEBUG] 2022-10-16 08:45:00.356 [main] HandleCalender - click the next month button
[DEBUG] 2022-10-16 08:45:00.917 [main] HandleCalender - get current month and year
[DEBUG] 2022-10-16 08:45:01.059 [main] HandleCalender - click the next month button
[DEBUG] 2022-10-16 08:45:01.534 [main] HandleCalender - get current month and year
[DEBUG] 2022-10-16 08:45:01.696 [main] HandleCalender - click the next month button
[DEBUG] 2022-10-16 08:45:02.165 [main] HandleCalender - get current month and year
[DEBUG] 2022-10-16 08:45:02.258 [main] HandleCalender - get all the date from the calender
[INFO ] 2022-10-16 08:45:03.359 [main] HandleCalender - click the given date
[INFO ] 2022-10-16 08:45:03.888 [main] HandleCalender - check actual and expect value eithe equal or not
[INFO ] 2022-10-16 08:45:03.891 [main] HandleCalender - both are equal
[DEBUG] 2022-10-16 08:45:06.709 [main] HandleCalender - quit the browser
